<?xml version="1.0" encoding="UTF-8"?>
<!-- Generated by org.testng.reporters.JUnitReportReporter -->
<testsuite hostname="DESKTOP-2JMOP5N" failures="0" tests="3" name="rahulshettyacademy.testcomponents.StandAloneTest" time="39.545" errors="0" timestamp="2023-12-28T22:16:13 IST" skipped="0">
  <testcase classname="rahulshettyacademy.testcomponents.StandAloneTest" name="submitOrder" time="17.776"/>
  <system-out/>
  <testcase classname="rahulshettyacademy.testcomponents.StandAloneTest" name="submitOrder" time="15.805"/>
  <system-out/>
  <testcase classname="rahulshettyacademy.testcomponents.StandAloneTest" name="OrderHistory" time="5.964"/>
  <system-out/>
</testsuite> <!-- rahulshettyacademy.testcomponents.StandAloneTest -->
